  RayTracer.cpp
D:\UC\COSC363\Assignment2\Assignment2\SceneObject.h(26,20): warning C4305: 'initializing': truncation from 'double' to 'float'
D:\UC\COSC363\Assignment2\Assignment2\SceneObject.h(27,20): warning C4305: 'initializing': truncation from 'double' to 'float'
D:\UC\COSC363\Assignment2\Assignment2\SceneObject.h(28,20): warning C4305: 'initializing': truncation from 'double' to 'float'
D:\UC\COSC363\Assignment2\Assignment2\RayTracer.cpp(51,28): warning C4305: 'initializing': truncation from 'double' to 'float'
D:\UC\COSC363\Assignment2\Assignment2\RayTracer.cpp(52,49): warning C4305: 'initializing': truncation from 'double' to 'float'
D:\UC\COSC363\Assignment2\Assignment2\RayTracer.cpp(63,16): warning C4244: 'initializing': conversion from 'T' to 'int', possible loss of data
          with
          [
              T=float
          ]
D:\UC\COSC363\Assignment2\Assignment2\RayTracer.cpp(66,16): warning C4244: 'initializing': conversion from 'T' to 'int', possible loss of data
          with
          [
              T=float
          ]
D:\UC\COSC363\Assignment2\Assignment2\RayTracer.cpp(94,17): warning C4244: 'initializing': conversion from 'double' to 'float', possible loss of data
D:\UC\COSC363\Assignment2\Assignment2\RayTracer.cpp(95,17): warning C4244: 'initializing': conversion from 'double' to 'float', possible loss of data
D:\UC\COSC363\Assignment2\Assignment2\RayTracer.cpp(320,39): warning C4305: 'argument': truncation from 'double' to 'float'
D:\UC\COSC363\Assignment2\Assignment2\RayTracer.cpp(335,39): warning C4305: 'argument': truncation from 'double' to 'float'
D:\UC\COSC363\Assignment2\Assignment2\RayTracer.cpp(342,41): warning C4305: 'argument': truncation from 'double' to 'float'
D:\UC\COSC363\Assignment2\Assignment2\RayTracer.cpp(348,37): warning C4305: 'argument': truncation from 'double' to 'float'
  Assignment2.vcxproj -> D:\UC\COSC363\Assignment2\Debug\Assignment2.exe
